<?xml version="1.0" encoding="UTF-8"?>
<!-- Generated by org.testng.reporters.JUnitReportReporter -->
<testsuite hostname="FFE-Karthick-M" failures="0" tests="3" name="webTestCases.Module1_Registration" time="75.269" errors="0" timestamp="2024-10-03T15:18:53 IST" skipped="0">
  <testcase classname="webTestCases.Module1_Registration" name="tc001_VerifyRegistrationWithValidData" time="24.815">
    <system-out>
      <![CDATA[MapData : {DomainName=testdemouser, FirstName=Karthick, TCNO=tc001, LastName=TestUser, Password=Ka@12345}
Chrome browser launched
Browser maximized
Navigated to https://demowebshop.tricentis.com/
Implicit wait set to 5 seconds
Register Link is displayed
Clicked on Register Link
Register Text is displayed
Clicked on Male Radio button
Entered Karthick into FirstName TextField
Entered TestUser into LastName TextField
Random Number generated : 77886
Entered testdemouser77886@gmail.com into Email TextField
Entered Ka@12345 into Password TextField
Entered Ka@12345 into Confirm Password TextField
Clicked on Register button
Registration Completed Msg is displayed]]>
    </system-out>
  </testcase> <!-- tc001_VerifyRegistrationWithValidData -->
  <testcase classname="webTestCases.Module1_Registration" name="tc003_VerifyRegistrationWithAlreadyRegisteredData" time="24.800">
    <system-out>
      <![CDATA[MapData : {RegisteredEmail=mkar@gmail.com, FirstName=Karthick, TCNO=tc003, LastName=TestUser, Password=Ka@12345}
Chrome browser launched
Browser maximized
Navigated to https://demowebshop.tricentis.com/
Implicit wait set to 5 seconds
Register Link is displayed
Clicked on Register Link
Register Text is displayed
Clicked on Male Radio button
Entered Karthick into FirstName TextField
Entered TestUser into LastName TextField
Entered mkar@gmail.com into Email TextField
Entered Ka@12345 into Password TextField
Entered Ka@12345 into Confirm Password TextField
Clicked on Register button
Already exists error Msg is displayed]]>
    </system-out>
  </testcase> <!-- tc003_VerifyRegistrationWithAlreadyRegisteredData -->
  <testcase classname="webTestCases.Module1_Registration" name="tc002_VerifyRegistrationWithInValidEmail" time="25.654">
    <system-out>
      <![CDATA[MapData : {InvalidEmail=testdemouser, FirstName=Karthick, TCNO=tc002, LastName=TestUser, Password=Ka@12345}
Firefox browser launched
Browser maximized
Navigated to https://demowebshop.tricentis.com/
Implicit wait set to 5 seconds
Register Link is displayed
Clicked on Register Link
Register Text is displayed
Clicked on Male Radio button
Entered Karthick into FirstName TextField
Entered TestUser into LastName TextField
Entered testdemouser into Email TextField
Entered Ka@12345 into Password TextField
Entered Ka@12345 into Confirm Password TextField
Clicked on Register button
Wrong Email Text is displayed]]>
    </system-out>
  </testcase> <!-- tc002_VerifyRegistrationWithInValidEmail -->
  <system-out>
    <![CDATA[MapData : {Environment=Prod, URL=https://demowebshop.tricentis.com/}
MapData : {DomainName=testdemouser, FirstName=Karthick, TCNO=tc001, LastName=TestUser, Password=Ka@12345}
Chrome browser launched
Browser maximized
Navigated to https://demowebshop.tricentis.com/
Implicit wait set to 5 seconds
Register Link is displayed
Clicked on Register Link
Register Text is displayed
Clicked on Male Radio button
Entered Karthick into FirstName TextField
Entered TestUser into LastName TextField
Random Number generated : 77886
Entered testdemouser77886@gmail.com into Email TextField
Entered Ka@12345 into Password TextField
Entered Ka@12345 into Confirm Password TextField
Clicked on Register button
Registration Completed Msg is displayed
Browser closed
MapData : {InvalidEmail=testdemouser, FirstName=Karthick, TCNO=tc002, LastName=TestUser, Password=Ka@12345}
Firefox browser launched
Browser maximized
Navigated to https://demowebshop.tricentis.com/
Implicit wait set to 5 seconds
Register Link is displayed
Clicked on Register Link
Register Text is displayed
Clicked on Male Radio button
Entered Karthick into FirstName TextField
Entered TestUser into LastName TextField
Entered testdemouser into Email TextField
Entered Ka@12345 into Password TextField
Entered Ka@12345 into Confirm Password TextField
Clicked on Register button
Wrong Email Text is displayed
Browser closed
MapData : {RegisteredEmail=mkar@gmail.com, FirstName=Karthick, TCNO=tc003, LastName=TestUser, Password=Ka@12345}
Chrome browser launched
Browser maximized
Navigated to https://demowebshop.tricentis.com/
Implicit wait set to 5 seconds
Register Link is displayed
Clicked on Register Link
Register Text is displayed
Clicked on Male Radio button
Entered Karthick into FirstName TextField
Entered TestUser into LastName TextField
Entered mkar@gmail.com into Email TextField
Entered Ka@12345 into Password TextField
Entered Ka@12345 into Confirm Password TextField
Clicked on Register button
Already exists error Msg is displayed
Browser closed]]>
  </system-out>
</testsuite> <!-- webTestCases.Module1_Registration -->
