<?xml version="1.0" encoding="UTF-8"?>
<!-- Generated by org.testng.reporters.JUnitReportReporter -->
<testsuite hostname="FFE-Karthick-M" failures="0" tests="3" name="webTestCases.Module1_Registration" time="64.330" errors="0" timestamp="2024-10-01T20:28:46 IST" skipped="0">
  <testcase classname="webTestCases.Module1_Registration" name="tc003_VerifyRegistrationWithAlreadyRegisteredData" time="21.330">
    <system-out>
      <![CDATA[Chrome browser launched
Browser maximized
Navigated to https://demowebshop.tricentis.com/
Implicit wait set to 5 seconds
Register Link is displayed
Clicked on Register Link
Register Text is displayed
Clicked on Male Radio button
Entered Karthick into FirstName TextField
Entered TestUser into LastName TextField
Entered mkar@gmail.com into Email TextField
Entered Ka@12345 into Password TextField
Entered Ka@12345 into Confirm Password TextField
Clicked on Register button
Already exists error Msg is displayed]]>
    </system-out>
  </testcase> <!-- tc003_VerifyRegistrationWithAlreadyRegisteredData -->
  <testcase classname="webTestCases.Module1_Registration" name="tc002_VerifyRegistrationWithInValidEmail" time="20.259">
    <system-out>
      <![CDATA[Chrome browser launched
Browser maximized
Navigated to https://demowebshop.tricentis.com/
Implicit wait set to 5 seconds
Register Link is displayed
Clicked on Register Link
Register Text is displayed
Clicked on Male Radio button
Entered Karthick into FirstName TextField
Entered TestUser into LastName TextField
Random Number generated : 56987
Entered testUser56987 into Email TextField
Entered Ka@12345 into Password TextField
Entered Ka@12345 into Confirm Password TextField
Clicked on Register button
Wrong Email Text is displayed]]>
    </system-out>
  </testcase> <!-- tc002_VerifyRegistrationWithInValidEmail -->
  <testcase classname="webTestCases.Module1_Registration" name="tc001_VerifyRegistrationWithValidData" time="22.741">
    <system-out>
      <![CDATA[Chrome browser launched
Browser maximized
Navigated to https://demowebshop.tricentis.com/
Implicit wait set to 5 seconds
Register Link is displayed
Clicked on Register Link
Register Text is displayed
Clicked on Male Radio button
Entered Karthick into FirstName TextField
Entered TestUser into LastName TextField
Random Number generated : 92458
Entered testUser92458@gmail.com into Email TextField
Entered Ka@12345 into Password TextField
Entered Ka@12345 into Confirm Password TextField
Clicked on Register button
Registration Completed Msg is displayed]]>
    </system-out>
  </testcase> <!-- tc001_VerifyRegistrationWithValidData -->
  <system-out>
    <![CDATA[Chrome browser launched
Browser maximized
Navigated to https://demowebshop.tricentis.com/
Implicit wait set to 5 seconds
Register Link is displayed
Clicked on Register Link
Register Text is displayed
Clicked on Male Radio button
Entered Karthick into FirstName TextField
Entered TestUser into LastName TextField
Random Number generated : 92458
Entered testUser92458@gmail.com into Email TextField
Entered Ka@12345 into Password TextField
Entered Ka@12345 into Confirm Password TextField
Clicked on Register button
Registration Completed Msg is displayed
Browser closed
Chrome browser launched
Browser maximized
Navigated to https://demowebshop.tricentis.com/
Implicit wait set to 5 seconds
Register Link is displayed
Clicked on Register Link
Register Text is displayed
Clicked on Male Radio button
Entered Karthick into FirstName TextField
Entered TestUser into LastName TextField
Random Number generated : 56987
Entered testUser56987 into Email TextField
Entered Ka@12345 into Password TextField
Entered Ka@12345 into Confirm Password TextField
Clicked on Register button
Wrong Email Text is displayed
Browser closed
Chrome browser launched
Browser maximized
Navigated to https://demowebshop.tricentis.com/
Implicit wait set to 5 seconds
Register Link is displayed
Clicked on Register Link
Register Text is displayed
Clicked on Male Radio button
Entered Karthick into FirstName TextField
Entered TestUser into LastName TextField
Entered mkar@gmail.com into Email TextField
Entered Ka@12345 into Password TextField
Entered Ka@12345 into Confirm Password TextField
Clicked on Register button
Already exists error Msg is displayed
Browser closed
Chrome browser launched
Browser maximized
Navigated to https://demowebshop.tricentis.com/
Implicit wait set to 5 seconds
Register Link is displayed
Clicked on LogIn Link
Welcome Text is displayed
Entered mkar@gmail.com into Email TextField
Entered Ka@12345 into Password TextField
Clicked on Login button
Logout Link is displayed
Browser closed
Firefox browser launched
Browser maximized
Navigated to https://demowebshop.tricentis.com/
Implicit wait set to 5 seconds
Register Link is displayed
Clicked on LogIn Link
Welcome Text is displayed
Entered mkar@gmail.com into Email TextField
Entered Ka@123456 into Password TextField
Clicked on Login button
Incorrect credentials Msg is displayed
Browser closed
Edge browser launched
Browser maximized
Navigated to https://demowebshop.tricentis.com/
Implicit wait set to 5 seconds
Register Link is displayed
Clicked on LogIn Link
Welcome Text is displayed
Clicked on Login button
No account found Msg is displayed
Browser closed
Chrome browser launched
Browser maximized
Navigated to https://demowebshop.tricentis.com/
Implicit wait set to 5 seconds
Register Link is displayed
Clicked on LogIn Link
Welcome Text is displayed
Entered mkar@gmail.com into Email TextField
Entered Ka@12345 into Password TextField
Clicked on Login button
Logout Link is displayed
Entered Computer into Search TF
List of text fetched from Search Suggestions are [Build your own cheap computer, Build your own computer, Build your own expensive computer, Simple Computer]
Clicked on Search Button
Entered Computer into Search TF
Failed to clicked on Build your own cheap computer]]>
  </system-out>
</testsuite> <!-- webTestCases.Module1_Registration -->
