<?xml version="1.0" encoding="UTF-8"?>
<!-- Generated by org.testng.reporters.JUnitReportReporter -->
<testsuite hostname="FFE-Karthick-M" failures="0" tests="1" name="webTestCases.Module4_Dummy" time="2.483" errors="0" timestamp="2024-10-02T15:46:01 IST" skipped="0">
  <testcase classname="webTestCases.Module4_Dummy" name="tc007_VerifySearchWithValidData" time="2.483">
    <system-out>
      <![CDATA[MapData : {Environment=Prod, URL=https://demowebshop.tricentis.com/}
MapData : {TCNO=tc007, SearchText=Computer}]]>
    </system-out>
  </testcase> <!-- tc007_VerifySearchWithValidData -->
  <system-out>
    <![CDATA[MapData : {Environment=Prod, URL=https://demowebshop.tricentis.com/}
MapData : {TCNO=tc007, SearchText=Computer}]]>
  </system-out>
</testsuite> <!-- webTestCases.Module4_Dummy -->
