<?xml version="1.0" encoding="UTF-8"?>
<!-- Generated by org.testng.reporters.JUnitReportReporter -->
<testsuite hostname="FFE-Karthick-M" failures="0" tests="1"
	name="webTestCases.Module4_Login" time="4.210" errors="0"
	timestamp="2024-09-29T23:10:42 IST" skipped="0">
	<testcase classname="webTestCases.Module4_Login"
		name="tc006_VerifyLoginWithValidCredentials" time="4.210">
		<system-out>
      <![CDATA[Chrome browser launched
Browser closed]]>
    </system-out>
	</testcase> <!--
	tc006_VerifyLoginWithValidCredentials -->
	<system-out>
    <![CDATA[Chrome browser launched
Browser closed
Chrome browser launched
Browser closed]]>
  </system-out>
</testsuite> <!-- webTestCases.Module4_Login -->
