<?xml version="1.0" encoding="UTF-8"?>
<!-- Generated by org.testng.reporters.JUnitReportReporter -->
<testsuite hostname="FFE-Karthick-M" failures="0" tests="1"
	name="webTestCases.Module5_Login" time="3.040" errors="0"
	timestamp="2024-09-29T23:10:42 IST" skipped="0">
	<testcase classname="webTestCases.Module5_Login"
		name="tc007_VerifyLoginWithValidCredentials" time="3.040">
		<system-out>
      <![CDATA[Chrome browser launched
Browser closed]]>
    </system-out>
	</testcase> <!--
	tc007_VerifyLoginWithValidCredentials -->
	<system-out>
    <![CDATA[Chrome browser launched
Browser closed
Chrome browser launched
Browser closed]]>
  </system-out>
</testsuite> <!-- webTestCases.Module5_Login -->
