<?xml version="1.0" encoding="UTF-8"?>
<!-- Generated by org.testng.reporters.JUnitReportReporter -->
<testsuite hostname="FFE-Karthick-M" failures="0" tests="3" name="webTestCases.Module1_Registration" time="76.909" errors="0" timestamp="2024-10-02T17:18:11 IST" skipped="0">
  <testcase classname="webTestCases.Module1_Registration" name="tc003_VerifyRegistrationWithAlreadyRegisteredData" time="23.958">
    <system-out>
      <![CDATA[MapData : {RegisteredEmail=mkar@gmail.com, FirstName=Karthick, TCNO=tc003, LastName=TestUser, Password=Ka@12345}
Chrome browser launched
Browser maximized
Navigated to https://demowebshop.tricentis.com/
Implicit wait set to 5 seconds
Register Link is displayed
Clicked on Register Link
Register Text is displayed
Clicked on Male Radio button
Entered Karthick into FirstName TextField
Entered TestUser into LastName TextField
Entered mkar@gmail.com into Email TextField
Entered Ka@12345 into Password TextField
Entered Ka@12345 into Confirm Password TextField
Clicked on Register button
Already exists error Msg is displayed]]>
    </system-out>
  </testcase> <!-- tc003_VerifyRegistrationWithAlreadyRegisteredData -->
  <testcase classname="webTestCases.Module1_Registration" name="tc002_VerifyRegistrationWithInValidEmail" time="25.398">
    <system-out>
      <![CDATA[MapData : {InvalidEmail=testdemouser, FirstName=Karthick, TCNO=tc002, LastName=TestUser, Password=Ka@12345}
Firefox browser launched
Browser maximized
Navigated to https://demowebshop.tricentis.com/
Implicit wait set to 5 seconds
Register Link is displayed
Clicked on Register Link
Register Text is displayed
Clicked on Male Radio button
Entered Karthick into FirstName TextField
Entered TestUser into LastName TextField
Entered testdemouser into Email TextField
Entered Ka@12345 into Password TextField
Entered Ka@12345 into Confirm Password TextField
Clicked on Register button
Wrong Email Text is displayed]]>
    </system-out>
  </testcase> <!-- tc002_VerifyRegistrationWithInValidEmail -->
  <testcase classname="webTestCases.Module1_Registration" name="tc001_VerifyRegistrationWithValidData" time="27.553">
    <system-out>
      <![CDATA[MapData : {DomainName=testdemouser, FirstName=Karthick, TCNO=tc001, LastName=TestUser, Password=Ka@12345}
Chrome browser launched
Browser maximized
Navigated to https://demowebshop.tricentis.com/
Implicit wait set to 5 seconds
Register Link is displayed
Clicked on Register Link
Register Text is displayed
Clicked on Male Radio button
Entered Karthick into FirstName TextField
Entered TestUser into LastName TextField
Random Number generated : 95699
Entered testdemouser95699@gmail.com into Email TextField
Entered Ka@12345 into Password TextField
Entered Ka@12345 into Confirm Password TextField
Clicked on Register button
Registration Completed Msg is displayed]]>
    </system-out>
  </testcase> <!-- tc001_VerifyRegistrationWithValidData -->
  <system-out>
    <![CDATA[MapData : {Environment=Prod, URL=https://demowebshop.tricentis.com/}
MapData : {DomainName=testdemouser, FirstName=Karthick, TCNO=tc001, LastName=TestUser, Password=Ka@12345}
Chrome browser launched
Browser maximized
Navigated to https://demowebshop.tricentis.com/
Implicit wait set to 5 seconds
Register Link is displayed
Clicked on Register Link
Register Text is displayed
Clicked on Male Radio button
Entered Karthick into FirstName TextField
Entered TestUser into LastName TextField
Random Number generated : 95699
Entered testdemouser95699@gmail.com into Email TextField
Entered Ka@12345 into Password TextField
Entered Ka@12345 into Confirm Password TextField
Clicked on Register button
Registration Completed Msg is displayed
Browser closed
MapData : {InvalidEmail=testdemouser, FirstName=Karthick, TCNO=tc002, LastName=TestUser, Password=Ka@12345}
Firefox browser launched
Browser maximized
Navigated to https://demowebshop.tricentis.com/
Implicit wait set to 5 seconds
Register Link is displayed
Clicked on Register Link
Register Text is displayed
Clicked on Male Radio button
Entered Karthick into FirstName TextField
Entered TestUser into LastName TextField
Entered testdemouser into Email TextField
Entered Ka@12345 into Password TextField
Entered Ka@12345 into Confirm Password TextField
Clicked on Register button
Wrong Email Text is displayed
Browser closed
MapData : {RegisteredEmail=mkar@gmail.com, FirstName=Karthick, TCNO=tc003, LastName=TestUser, Password=Ka@12345}
Chrome browser launched
Browser maximized
Navigated to https://demowebshop.tricentis.com/
Implicit wait set to 5 seconds
Register Link is displayed
Clicked on Register Link
Register Text is displayed
Clicked on Male Radio button
Entered Karthick into FirstName TextField
Entered TestUser into LastName TextField
Entered mkar@gmail.com into Email TextField
Entered Ka@12345 into Password TextField
Entered Ka@12345 into Confirm Password TextField
Clicked on Register button
Already exists error Msg is displayed
Browser closed
MapData : {Environment=Prod, URL=https://demowebshop.tricentis.com/}
MapData : {Email=mkar@gmail.com, TCNO=tc004, Password=Ka@12345}
Chrome browser launched
Browser maximized
Navigated to https://demowebshop.tricentis.com/
Implicit wait set to 5 seconds
Register Link is displayed
Clicked on LogIn Link
Welcome Text is displayed
Entered mkar@gmail.com into Email TextField
Entered Ka@12345 into Password TextField
Clicked on Login button
Logout Link is displayed
Browser closed
MapData : {Email=mkar@gmail.com, TCNO=tc005, InvalidPwd=Ka@123456}
Firefox browser launched
Browser maximized
Navigated to https://demowebshop.tricentis.com/
Implicit wait set to 5 seconds
Register Link is displayed
Clicked on LogIn Link
Welcome Text is displayed
Entered mkar@gmail.com into Email TextField
Entered Ka@123456 into Password TextField
Clicked on Login button
Incorrect credentials Msg is displayed
Browser closed
Edge browser launched
Browser maximized
Navigated to https://demowebshop.tricentis.com/
Implicit wait set to 5 seconds
Register Link is displayed
Clicked on LogIn Link
Welcome Text is displayed
Clicked on Login button
No account found Msg is displayed
Browser closed
MapData : {Environment=Prod, URL=https://demowebshop.tricentis.com/}
MapData : {TCNO=tc007, SearchText=Computer}
Chrome browser launched
Browser maximized
Navigated to https://demowebshop.tricentis.com/
Implicit wait set to 5 seconds
Register Link is displayed
Clicked on LogIn Link
Welcome Text is displayed
Entered mkar@gmail.com into Email TextField
Entered Ka@12345 into Password TextField
Clicked on Login button
Logout Link is displayed
Entered Computer into Search TF
List of text fetched from Search Suggestions are [Build your own cheap computer, Build your own computer, Build your own expensive computer, Simple Computer]
Clicked on Search Button
Entered Computer into Search TF
Clicked on Build your own cheap computer
Entered Computer into Search TF
Clicked on Build your own computer
Entered Computer into Search TF
Clicked on Build your own expensive computer
Entered Computer into Search TF
Clicked on Simple Computer
Browser closed]]>
  </system-out>
</testsuite> <!-- webTestCases.Module1_Registration -->
