<?xml version="1.0" encoding="UTF-8"?>
<!-- Generated by org.testng.reporters.JUnitReportReporter -->
<testsuite hostname="FFE-Karthick-M" failures="0" tests="4"
	name="testCases.Registration" time="23.845" errors="0"
	timestamp="2024-09-27T17:00:38 IST" skipped="0">
	<testcase classname="testCases.Registration" name="preCondition"
		time="10.279">
		<system-out>
      <![CDATA[Chrome browser launched
maximized browser
Navigated to https://opensource-demo.orangehrmlive.com/web/index.php/auth/login
Implicit wait set to 5 seconds
Login Text is displayed]]>
    </system-out>
	</testcase> <!-- preCondition -->
	<testcase classname="testCases.Registration"
		name="tc001_LoginWithValidCredentials" time="4.560">
		<system-out>
      <![CDATA[Entered Karthick into Username TextFiled
Entered admin123 into Password TextFiled
Text cleared from Username TextFiled
Text cleared from Password TextFiled]]>
    </system-out>
	</testcase> <!--
	tc001_LoginWithValidCredentials -->
	<testcase classname="testCases.Registration"
		name="tc001_LoginWithValidCredentials" time="4.511">
		<system-out>
      <![CDATA[Entered Karthick into Username TextFiled
Entered admin124 into Password TextFiled
Text cleared from Username TextFiled
Text cleared from Password TextFiled]]>
    </system-out>
	</testcase> <!--
	tc001_LoginWithValidCredentials -->
	<testcase classname="testCases.Registration"
		name="tc001_LoginWithValidCredentials" time="4.495">
		<system-out>
      <![CDATA[Entered Karthick into Username TextFiled
Entered admin125 into Password TextFiled
Text cleared from Username TextFiled
Text cleared from Password TextFiled]]>
    </system-out>
	</testcase> <!--
	tc001_LoginWithValidCredentials -->
	<system-out>
    <![CDATA[Chrome browser launched
maximized browser
Navigated to https://opensource-demo.orangehrmlive.com/web/index.php/auth/login
Implicit wait set to 5 seconds
Login Text is displayed
Entered Karthick into Username TextFiled
Entered admin123 into Password TextFiled
Text cleared from Username TextFiled
Text cleared from Password TextFiled
Entered Karthick into Username TextFiled
Entered admin124 into Password TextFiled
Text cleared from Username TextFiled
Text cleared from Password TextFiled
Entered Karthick into Username TextFiled
Entered admin125 into Password TextFiled
Text cleared from Username TextFiled
Text cleared from Password TextFiled]]>
  </system-out>
</testsuite> <!-- testCases.Registration -->
