<?xml version="1.0" encoding="UTF-8"?>
<!-- Generated by org.testng.reporters.JUnitReportReporter -->
<testsuite hostname="FFE-Karthick-M" failures="0" tests="3" name="webTestCases.Module2_Login" time="57.176" errors="0" timestamp="2024-10-01T23:50:21 IST" skipped="0">
  <testcase classname="webTestCases.Module2_Login" name="tc004_VerifyLoginWithValidCredentials" time="18.312">
    <system-out>
      <![CDATA[Chrome browser launched
Browser maximized
Navigated to https://demowebshop.tricentis.com/
Implicit wait set to 5 seconds
Register Link is displayed
Clicked on LogIn Link
Welcome Text is displayed
Entered mkar@gmail.com into Email TextField
Entered Ka@12345 into Password TextField
Clicked on Login button
Logout Link is displayed]]>
    </system-out>
  </testcase> <!-- tc004_VerifyLoginWithValidCredentials -->
  <testcase classname="webTestCases.Module2_Login" name="tc005_VerifyLoginWithInValidCredentials" time="21.071">
    <system-out>
      <![CDATA[Firefox browser launched
Browser maximized
Navigated to https://demowebshop.tricentis.com/
Implicit wait set to 5 seconds
Register Link is displayed
Clicked on LogIn Link
Welcome Text is displayed
Entered mkar@gmail.com into Email TextField
Entered Ka@123456 into Password TextField
Clicked on Login button
Incorrect credentials Msg is displayed]]>
    </system-out>
  </testcase> <!-- tc005_VerifyLoginWithInValidCredentials -->
  <testcase classname="webTestCases.Module2_Login" name="tc006_VerifyLoginWithNoCredentials" time="17.793">
    <system-out>
      <![CDATA[Edge browser launched
Browser maximized
Navigated to https://demowebshop.tricentis.com/
Implicit wait set to 5 seconds
Register Link is displayed
Clicked on LogIn Link
Welcome Text is displayed
Clicked on Login button
No account found Msg is displayed]]>
    </system-out>
  </testcase> <!-- tc006_VerifyLoginWithNoCredentials -->
  <system-out>
    <![CDATA[Chrome browser launched
Browser maximized
Navigated to https://demowebshop.tricentis.com/
Implicit wait set to 5 seconds
Register Link is displayed
Clicked on Register Link
Register Text is displayed
Clicked on Male Radio button
Entered Karthick into FirstName TextField
Entered TestUser into LastName TextField
Random Number generated : 66257
Entered testUser66257@gmail.com into Email TextField
Entered Ka@12345 into Password TextField
Entered Ka@12345 into Confirm Password TextField
Clicked on Register button
Registration Completed Msg is displayed
Browser closed
Chrome browser launched
Browser maximized
Navigated to https://demowebshop.tricentis.com/
Implicit wait set to 5 seconds
Register Link is displayed
Clicked on Register Link
Register Text is displayed
Clicked on Male Radio button
Entered Karthick into FirstName TextField
Entered TestUser into LastName TextField
Random Number generated : 61453
Entered testUser61453 into Email TextField
Entered Ka@12345 into Password TextField
Entered Ka@12345 into Confirm Password TextField
Clicked on Register button
Wrong Email Text is displayed
Browser closed
Chrome browser launched
Browser maximized
Navigated to https://demowebshop.tricentis.com/
Implicit wait set to 5 seconds
Register Link is displayed
Clicked on Register Link
Register Text is displayed
Clicked on Male Radio button
Entered Karthick into FirstName TextField
Entered TestUser into LastName TextField
Entered mkar@gmail.com into Email TextField
Entered Ka@12345 into Password TextField
Entered Ka@12345 into Confirm Password TextField
Clicked on Register button
Already exists error Msg is displayed
Browser closed
Chrome browser launched
Browser maximized
Navigated to https://demowebshop.tricentis.com/
Implicit wait set to 5 seconds
Register Link is displayed
Clicked on Register Link
Register Text is displayed
Clicked on Male Radio button
Entered Karthick into FirstName TextField
Entered TestUser into LastName TextField
Random Number generated : 77288
Entered testUser77288@gmail.com into Email TextField
Entered Ka@12345 into Password TextField
Entered Ka@12345 into Confirm Password TextField
Clicked on Register button
Registration Completed Msg is displayed
Browser closed
Chrome browser launched
Browser maximized
Navigated to https://demowebshop.tricentis.com/
Implicit wait set to 5 seconds
Register Link is displayed
Clicked on Register Link
Register Text is displayed
Clicked on Male Radio button
Entered Karthick into FirstName TextField
Entered TestUser into LastName TextField
Random Number generated : 84698
Entered testUser84698 into Email TextField
Entered Ka@12345 into Password TextField
Entered Ka@12345 into Confirm Password TextField
Clicked on Register button
Wrong Email Text is displayed
Browser closed
Chrome browser launched
Browser maximized
Navigated to https://demowebshop.tricentis.com/
Implicit wait set to 5 seconds
Register Link is displayed
Clicked on Register Link
Register Text is displayed
Clicked on Male Radio button
Entered Karthick into FirstName TextField
Entered TestUser into LastName TextField
Entered mkar@gmail.com into Email TextField
Entered Ka@12345 into Password TextField
Entered Ka@12345 into Confirm Password TextField
Clicked on Register button
Already exists error Msg is displayed
Browser closed
Chrome browser launched
Browser maximized
Navigated to https://demowebshop.tricentis.com/
Implicit wait set to 5 seconds
Register Link is displayed
Clicked on LogIn Link
Welcome Text is displayed
Entered mkar@gmail.com into Email TextField
Entered Ka@12345 into Password TextField
Clicked on Login button
Logout Link is displayed
Browser closed
Firefox browser launched
Browser maximized
Navigated to https://demowebshop.tricentis.com/
Implicit wait set to 5 seconds
Register Link is displayed
Clicked on LogIn Link
Welcome Text is displayed
Entered mkar@gmail.com into Email TextField
Entered Ka@123456 into Password TextField
Clicked on Login button
Incorrect credentials Msg is displayed
Browser closed
Edge browser launched
Browser maximized
Navigated to https://demowebshop.tricentis.com/
Implicit wait set to 5 seconds
Register Link is displayed
Clicked on LogIn Link
Welcome Text is displayed
Clicked on Login button
No account found Msg is displayed
Browser closed
Chrome browser launched
Browser maximized
Navigated to https://demowebshop.tricentis.com/
Implicit wait set to 5 seconds
Register Link is displayed
Clicked on LogIn Link
Welcome Text is displayed
Entered mkar@gmail.com into Email TextField
Entered Ka@12345 into Password TextField
Clicked on Login button
Logout Link is displayed
Entered Computer into Search TF
List of text fetched from Search Suggestions are [Build your own cheap computer, Build your own computer, Build your own expensive computer, Simple Computer]
Clicked on Search Button
Entered Computer into Search TF
Clicked on Build your own cheap computer
Entered Computer into Search TF
Clicked on Build your own computer
Entered Computer into Search TF
Clicked on Build your own expensive computer
Entered Computer into Search TF
Clicked on Simple Computer
Browser closed]]>
  </system-out>
</testsuite> <!-- webTestCases.Module2_Login -->
